<?xml version="1.0" encoding="UTF-8"?>
<!-- Generated by org.testng.reporters.JUnitReportReporter -->
<testsuite skipped="0" hostname="LENOVO-PC" name="com.vtiger.testcases.Execution" tests="3" failures="0" timestamp="2021-04-20T18:04:23 IST" time="0.034" errors="0">
  <testcase name="b" time="0.003" classname="com.vtiger.testcases.Execution"/>
  <system-out/>
  <testcase name="c" time="0.002" classname="com.vtiger.testcases.Execution"/>
  <system-out/>
  <testcase name="a" time="0.029" classname="com.vtiger.testcases.Execution"/>
  <system-out/>
</testsuite> <!-- com.vtiger.testcases.Execution -->
