<?xml version="1.0" encoding="UTF-8"?>
<!-- Generated by org.testng.reporters.JUnitReportReporter -->
<testsuite skipped="0" hostname="LENOVO-PC" name="com.vtiger.testcases.NewCreateContactforOrganization" tests="1" failures="0" timestamp="2021-04-20T18:12:06 IST" time="37.307" errors="0">
  <testcase name="createcontact" time="37.307" classname="com.vtiger.testcases.NewCreateContactforOrganization"/>
  <system-out/>
</testsuite> <!-- com.vtiger.testcases.NewCreateContactforOrganization -->
