<?xml version="1.0" encoding="UTF-8"?>
<!-- Generated by org.testng.reporters.JUnitReportReporter -->
<testsuite skipped="0" hostname="LENOVO-PC" name="com.vtiger.testcases.NewCreateContactforOrganization" tests="1" failures="0" timestamp="13 Apr 2021 14:18:11 GMT" time="218.390" errors="0">
  <testcase name="createcontact" time="218.390" classname="com.vtiger.testcases.NewCreateContactforOrganization"/>
</testsuite> <!-- com.vtiger.testcases.NewCreateContactforOrganization -->
